<?xml version="1.0" encoding="UTF-8"?>
<!-- Generated by org.testng.reporters.JUnitReportReporter -->
<testsuite hostname="QE1458212" name="com.stockacc.test.Suppliercreation" tests="1" failures="0" timestamp="2 Aug 2016 07:06:21 GMT" time="21.263" errors="0">
  <testcase name="stockAcc_Suppcre" time="21.263" classname="com.stockacc.test.Suppliercreation"/>
</testsuite> <!-- com.stockacc.test.Suppliercreation -->
