<?xml version="1.0" encoding="UTF-8"?>
<!-- Generated by org.testng.reporters.JUnitReportReporter -->
<testsuite hostname="QE1458212" name="com.stockacc.pom.Logintc" tests="1" failures="0" timestamp="4 Aug 2016 05:03:40 GMT" time="9.915" errors="0">
  <testcase name="login" time="9.915" classname="com.stockacc.pom.Logintc"/>
</testsuite> <!-- com.stockacc.pom.Logintc -->
